{"message":"Listening on port 3000 in development mode","level":"info"}
{"message":"success","level":"info"}
{"message":"Listening on port 3000 in development mode","level":"info"}
{"message":"success","level":"info"}
{"message":"Listening on port 3000 in development mode","level":"info"}
{"message":"Listening on port 3000 in development mode","level":"info"}
{"message":"Listening on port 3000 in development mode","level":"info"}
{"message":"Listening on port 3000 in development mode","level":"info"}
{"message":"Listening on port 3000 in development mode","level":"info"}
{"message":"Listening on port 3000 in development mode","level":"info"}
{"message":"Listening on port 3000 in development mode","level":"info"}
{"message":"success","level":"info"}
{"message":"Listening on port 3000 in development mode","level":"info"}
{"message":"success","level":"info"}
{"message":"success","level":"info"}
{"message":"Listening on port 3000 in development mode","level":"info"}
{"message":"success","level":"info"}
{"message":"Listening on port 3000 in development mode","level":"info"}
{"message":"Listening on port 3000 in development mode","level":"info"}
{"message":"Listening on port 3000 in development mode","level":"info"}
{"message":"Listening on port 3000 in development mode","level":"info"}
{"message":"Listening on port 3000 in development mode","level":"info"}
{"length":137,"name":"error","severity":"ERROR","code":"08P01","file":"postgres.c","line":"1682","routine":"exec_bind_message","level":"error","message":"Error in getAuthUser: bind message supplies 1 parameters, but prepared statement \"\" requires 6","stack":"error: bind message supplies 1 parameters, but prepared statement \"\" requires 6\n    at /home/kleber/Development/HappyHeartProject/packages/heart-user-server/node_modules/pg/lib/client.js:535:17\n    at processTicksAndRejections (node:internal/process/task_queues:95:5)"}
{"message":"Listening on port 3000 in development mode","level":"info"}
{"message":"Listening on port 3000 in development mode","level":"info"}
{"length":137,"name":"error","severity":"ERROR","code":"08P01","file":"postgres.c","line":"1682","routine":"exec_bind_message","level":"error","message":"Error in getAuthUser: bind message supplies 1 parameters, but prepared statement \"\" requires 6","stack":"error: bind message supplies 1 parameters, but prepared statement \"\" requires 6\n    at /home/kleber/Development/HappyHeartProject/packages/heart-user-server/node_modules/pg/lib/client.js:535:17\n    at processTicksAndRejections (node:internal/process/task_queues:95:5)"}
{"message":"Listening on port 3000 in development mode","level":"info"}
{"length":137,"name":"error","severity":"ERROR","code":"08P01","file":"postgres.c","line":"1682","routine":"exec_bind_message","level":"error","message":"Error in getAuthUser: bind message supplies 1 parameters, but prepared statement \"\" requires 6","stack":"error: bind message supplies 1 parameters, but prepared statement \"\" requires 6\n    at /home/kleber/Development/HappyHeartProject/packages/heart-user-server/node_modules/pg/lib/client.js:535:17\n    at processTicksAndRejections (node:internal/process/task_queues:95:5)"}
{"message":"Listening on port 3000 in development mode","level":"info"}
{"length":137,"name":"error","severity":"ERROR","code":"08P01","file":"postgres.c","line":"1682","routine":"exec_bind_message","level":"error","message":"Error in getAuthUser: bind message supplies 5 parameters, but prepared statement \"\" requires 6","stack":"error: bind message supplies 5 parameters, but prepared statement \"\" requires 6\n    at /home/kleber/Development/HappyHeartProject/packages/heart-user-server/node_modules/pg/lib/client.js:535:17\n    at processTicksAndRejections (node:internal/process/task_queues:95:5)"}
{"message":"Listening on port 3000 in development mode","level":"info"}
{"length":146,"name":"error","severity":"ERROR","code":"22007","where":"unnamed portal parameter $6 = '...'","file":"datetime.c","line":"3800","routine":"DateTimeParseError","level":"error","message":"Error in getAuthUser: invalid input syntax for type date: \"Ronan\"","stack":"error: invalid input syntax for type date: \"Ronan\"\n    at /home/kleber/Development/HappyHeartProject/packages/heart-user-server/node_modules/pg/lib/client.js:535:17\n    at processTicksAndRejections (node:internal/process/task_queues:95:5)"}
{"message":"Listening on port 3000 in development mode","level":"info"}
{"length":97,"name":"error","severity":"ERROR","code":"22001","file":"varchar.c","line":"632","routine":"varchar","level":"error","message":"Error in getAuthUser: value too long for type character varying(8)","stack":"error: value too long for type character varying(8)\n    at /home/kleber/Development/HappyHeartProject/packages/heart-user-server/node_modules/pg/lib/client.js:535:17\n    at processTicksAndRejections (node:internal/process/task_queues:95:5)"}
{"message":"Listening on port 3000 in development mode","level":"info"}
{"message":"Listening on port 3000 in development mode","level":"info"}
{"message":"Listening on port 3000 in development mode","level":"info"}
{"message":"Listening on port 3000 in development mode","level":"info"}
{"message":"Listening on port 3000 in development mode","level":"info"}
{"message":"Listening on port 3000 in development mode","level":"info"}
{"message":"Listening on port 3000 in development mode","level":"info"}
{"message":"Listening on port 3000 in development mode","level":"info"}
{"message":"Listening on port 3000 in development mode","level":"info"}
{"message":"Listening on port 3000 in development mode","level":"info"}
{"message":"Listening on port 3000 in development mode","level":"info"}
{"message":"Listening on port 3000 in development mode","level":"info"}
{"message":"Listening on port 3000 in development mode","level":"info"}
{"message":"Listening on port 3000 in development mode","level":"info"}
{"message":"Listening on port 3000 in development mode","level":"info"}
{"message":"Listening on port 3000 in development mode","level":"info"}
{"message":"Listening on port 3000 in development mode","level":"info"}
{"message":"Listening on port 3000 in development mode","level":"info"}
{"message":"Listening on port 3000 in development mode","level":"info"}
{"message":"Listening on port 3000 in development mode","level":"info"}
{"message":"Listening on port 3000 in development mode","level":"info"}
{"message":"Listening on port 3000 in development mode","level":"info"}
{"message":"Listening on port 3000 in development mode","level":"info"}
{"message":"Listening on port 3000 in development mode","level":"info"}
{"message":"Listening on port 3000 in development mode","level":"info"}
{"message":"Listening on port 3000 in development mode","level":"info"}
{"message":"Listening on port 3000 in development mode","level":"info"}
{"length":281,"name":"error","severity":"ERROR","code":"23502","detail":"Failing row contains (12345678900, john@example.com, password123, null, Evaluator, 1989-12-31).","schema":"public","table":"user_app","column":"complete_name","file":"execMain.c","line":"1883","routine":"ExecConstraints","level":"error","message":"Error in getAuthUser: null value in column \"complete_name\" of relation \"user_app\" violates not-null constraint","stack":"error: null value in column \"complete_name\" of relation \"user_app\" violates not-null constraint\n    at /home/kleber/Development/HappyHeartProject/packages/heart-user-server/node_modules/pg/lib/client.js:535:17\n    at processTicksAndRejections (node:internal/process/task_queues:105:5)"}
{"message":"Listening on port 3000 in development mode","level":"info"}
{"message":"Listening on port 3000 in development mode","level":"info"}
{"length":177,"name":"error","severity":"ERROR","code":"22007","where":"unnamed portal parameter $6 = '...'","file":"datetime.c","line":"3800","routine":"DateTimeParseError","level":"error","message":"Error in getAuthUser: invalid input syntax for type date: \"0NaN-NaN-NaNTNaN:NaN:NaN.NaN+NaN:NaN\"","stack":"error: invalid input syntax for type date: \"0NaN-NaN-NaNTNaN:NaN:NaN.NaN+NaN:NaN\"\n    at /home/kleber/Development/HappyHeartProject/packages/heart-user-server/node_modules/pg/lib/client.js:535:17\n    at processTicksAndRejections (node:internal/process/task_queues:105:5)"}
{"message":"Listening on port 3000 in development mode","level":"info"}
{"length":177,"name":"error","severity":"ERROR","code":"22007","where":"unnamed portal parameter $6 = '...'","file":"datetime.c","line":"3800","routine":"DateTimeParseError","level":"error","message":"Error in getAuthUser: invalid input syntax for type date: \"0NaN-NaN-NaNTNaN:NaN:NaN.NaN+NaN:NaN\"","stack":"error: invalid input syntax for type date: \"0NaN-NaN-NaNTNaN:NaN:NaN.NaN+NaN:NaN\"\n    at /home/kleber/Development/HappyHeartProject/packages/heart-user-server/node_modules/pg/lib/client.js:535:17\n    at processTicksAndRejections (node:internal/process/task_queues:105:5)"}
{"message":"Listening on port 3000 in development mode","level":"info"}
{"message":"Listening on port 3000 in development mode","level":"info"}
{"message":"Listening on port 3000 in development mode","level":"info"}
{"message":"success","level":"info"}
{"message":"Listening on port 3000 in development mode","level":"info"}
{"message":"Listening on port 3000 in development mode","level":"info"}
{"length":200,"name":"error","severity":"ERROR","code":"23505","detail":"Key (cpf)=(12345678900) already exists.","schema":"public","table":"user_app","constraint":"user_app_pkey","file":"nbtinsert.c","line":"663","routine":"_bt_check_unique","level":"error","message":"Error in getAuthUser: duplicate key value violates unique constraint \"user_app_pkey\"","stack":"error: duplicate key value violates unique constraint \"user_app_pkey\"\n    at /home/kleber/Development/HappyHeartProject/packages/heart-user-server/node_modules/pg/lib/client.js:535:17\n    at processTicksAndRejections (node:internal/process/task_queues:95:5)"}
{"message":"Listening on port 3000 in development mode","level":"info"}
{"message":"Listening on port 3000 in development mode","level":"info"}
{"message":"Listening on port 3000 in development mode","level":"info"}
{"message":"Listening on port 3000 in development mode","level":"info"}
{"message":"Listening on port 3000 in development mode","level":"info"}
{"message":"Listening on port 3000 in development mode","level":"info"}
{"message":"Listening on port 3000 in development mode","level":"info"}
{"message":"Listening on port 3000 in development mode","level":"info"}
{"message":"Listening on port 3000 in development mode","level":"info"}
{"message":"Listening on port 3000 in development mode","level":"info"}
{"message":"Listening on port 3000 in development mode","level":"info"}
{"message":"Listening on port 3000 in development mode","level":"info"}
{"message":"success","level":"info"}
{"message":"Listening on port 3000 in development mode","level":"info"}
{"message":"Listening on port 3000 in development mode","level":"info"}
{"message":"Listening on port 3000 in development mode","level":"info"}
{"message":"Listening on port 3000 in development mode","level":"info"}
{"message":"success","level":"info"}
{"message":"Listening on port 3000 in development mode","level":"info"}
{"message":"Listening on port 3000 in development mode","level":"info"}
{"message":"Listening on port 3000 in development mode","level":"info"}
{"message":"Listening on port 3000 in development mode","level":"info"}
{"message":"Listening on port 3000 in development mode","level":"info"}
{"message":"Listening on port 3000 in development mode","level":"info"}
{"length":353,"name":"error","severity":"ERROR","code":"23514","detail":"Failing row contains (12545678901, mariasouza@example.com, securepassword123, Maria Souza, evaluator, 1989-12-31, 2024-11-06 17:37:44.292879, 2024-11-06 17:37:44.292879).","schema":"public","table":"user_app","constraint":"user_app_role_check","file":"execMain.c","line":"1934","routine":"ExecConstraints","level":"error","message":"Error in getAuthUser: new row for relation \"user_app\" violates check constraint \"user_app_role_check\"","stack":"error: new row for relation \"user_app\" violates check constraint \"user_app_role_check\"\n    at /home/kleber/Development/HappyHeartProject/packages/heart-user-server/node_modules/pg/lib/client.js:535:17\n    at processTicksAndRejections (node:internal/process/task_queues:95:5)"}
{"message":"Listening on port 3000 in development mode","level":"info"}
{"length":98,"name":"error","severity":"ERROR","code":"22001","file":"varchar.c","line":"632","routine":"varchar","level":"error","message":"Error in getAuthUser: value too long for type character varying(11)","stack":"error: value too long for type character varying(11)\n    at /home/kleber/Development/HappyHeartProject/packages/heart-user-server/node_modules/pg/lib/client.js:535:17\n    at processTicksAndRejections (node:internal/process/task_queues:95:5)"}
{"message":"Listening on port 3000 in development mode","level":"info"}
{"length":315,"name":"error","severity":"ERROR","code":"23502","detail":"Failing row contains (72772737372, test@gmail.com, 52626262622, Robeeto, null, 2024-11-06, 2024-11-06 18:05:07.373851, 2024-11-06 18:05:07.373851).","schema":"public","table":"user_app","column":"role","file":"execMain.c","line":"1883","routine":"ExecConstraints","level":"error","message":"Error in getAuthUser: null value in column \"role\" of relation \"user_app\" violates not-null constraint","stack":"error: null value in column \"role\" of relation \"user_app\" violates not-null constraint\n    at /home/kleber/Development/HappyHeartProject/packages/heart-user-server/node_modules/pg/lib/client.js:535:17\n    at processTicksAndRejections (node:internal/process/task_queues:95:5)"}
{"length":315,"name":"error","severity":"ERROR","code":"23502","detail":"Failing row contains (72772737372, test@gmail.com, 52626262622, Robeeto, null, 2024-11-06, 2024-11-06 18:05:18.550037, 2024-11-06 18:05:18.550037).","schema":"public","table":"user_app","column":"role","file":"execMain.c","line":"1883","routine":"ExecConstraints","level":"error","message":"Error in getAuthUser: null value in column \"role\" of relation \"user_app\" violates not-null constraint","stack":"error: null value in column \"role\" of relation \"user_app\" violates not-null constraint\n    at /home/kleber/Development/HappyHeartProject/packages/heart-user-server/node_modules/pg/lib/client.js:535:17\n    at processTicksAndRejections (node:internal/process/task_queues:95:5)"}
{"message":"Listening on port 3000 in development mode","level":"info"}
{"message":"Listening on port 3000 in development mode","level":"info"}
{"message":"Listening on port 3000 in development mode","level":"info"}
{"length":200,"name":"error","severity":"ERROR","code":"23505","detail":"Key (cpf)=(72772737372) already exists.","schema":"public","table":"user_app","constraint":"user_app_pkey","file":"nbtinsert.c","line":"663","routine":"_bt_check_unique","level":"error","message":"Error in getAuthUser: duplicate key value violates unique constraint \"user_app_pkey\"","stack":"error: duplicate key value violates unique constraint \"user_app_pkey\"\n    at /home/kleber/Development/HappyHeartProject/packages/heart-user-server/node_modules/pg/lib/client.js:535:17\n    at processTicksAndRejections (node:internal/process/task_queues:95:5)"}
{"message":"Listening on port 3000 in development mode","level":"info"}
{"message":"Listening on port 3000 in development mode","level":"info"}
{"message":"Listening on port 3000 in development mode","level":"info"}
{"message":"Listening on port 3000 in development mode","level":"info"}
{"message":"Listening on port 3000 in development mode","level":"info"}
{"message":"Listening on port 3000 in development mode","level":"info"}
{"level":"error","message":"Error in AuthUser: secretOrPrivateKey must have a value","stack":"Error: secretOrPrivateKey must have a value\n    at Object.module.exports [as sign] (/home/kleber/Development/HappyHeartProject/packages/heart-user-server/node_modules/jsonwebtoken/sign.js:111:20)\n    at UserService.<anonymous> (/home/kleber/Development/HappyHeartProject/packages/heart-user-server/src/modules/user/services/userService.ts:197:31)\n    at Generator.next (<anonymous>)\n    at fulfilled (/home/kleber/Development/HappyHeartProject/packages/heart-user-server/src/modules/user/services/userService.ts:5:58)"}
{"message":"Listening on port 3000 in development mode","level":"info"}
{"level":"info","message":"Listening on port 3000 in development mode"}
{"level":"info","message":"Listening on port 3000 in development mode"}
{"level":"info","message":"success"}
{"level":"info","message":"Listening on port 3000 in development mode"}
{"level":"info","message":"Listening on port 3000 in development mode"}
{"level":"info","message":"Listening on port 3000 in development mode"}
{"level":"info","message":"Listening on port 3000 in development mode"}
{"level":"info","message":"Listening on port 3000 in development mode"}
{"level":"info","message":"Listening on port 3000 in development mode"}
{"level":"info","message":"Listening on port 3000 in development mode"}
{"level":"info","message":"Listening on port 3000 in development mode"}
{"level":"info","message":"Listening on port 3000 in development mode"}
{"code":"42703","file":"parse_target.c","length":139,"level":"error","line":"1075","message":"Error in registerHemodynamic: column \"patient_cpf\" of relation \"tbl_hemodynamic\" does not exist","name":"error","position":"47","routine":"checkInsertTargets","severity":"ERROR","stack":"error: column \"patient_cpf\" of relation \"tbl_hemodynamic\" does not exist\n    at /home/kleber/Development/Faculdade/HappyHeartProject/packages/heart-user-server/node_modules/pg/lib/client.js:535:17\n    at processTicksAndRejections (node:internal/process/task_queues:105:5)"}
{"level":"info","message":"Listening on port 3000 in development mode"}
{"code":"42703","file":"parse_target.c","length":139,"level":"error","line":"1075","message":"Error in registerHemodynamic: column \"patient_cpf\" of relation \"tbl_hemodynamic\" does not exist","name":"error","position":"47","routine":"checkInsertTargets","severity":"ERROR","stack":"error: column \"patient_cpf\" of relation \"tbl_hemodynamic\" does not exist\n    at /home/kleber/Development/Faculdade/HappyHeartProject/packages/heart-user-server/node_modules/pg/lib/client.js:535:17\n    at processTicksAndRejections (node:internal/process/task_queues:105:5)"}
{"level":"info","message":"Listening on port 3000 in development mode"}
{"code":"42703","file":"parse_target.c","length":139,"level":"error","line":"1075","message":"Error in registerHemodynamic: column \"patient_cpf\" of relation \"tbl_hemodynamic\" does not exist","name":"error","position":"47","routine":"checkInsertTargets","severity":"ERROR","stack":"error: column \"patient_cpf\" of relation \"tbl_hemodynamic\" does not exist\n    at /home/kleber/Development/Faculdade/HappyHeartProject/packages/heart-user-server/node_modules/pg/lib/client.js:535:17\n    at processTicksAndRejections (node:internal/process/task_queues:105:5)"}
{"level":"info","message":"Listening on port 3000 in development mode"}
{"level":"info","message":"Listening on port 3000 in development mode"}
{"code":"42703","file":"parse_relation.c","hint":"Perhaps you meant to reference the column \"tbl_hemodynamic.patientcpf\".","length":184,"level":"error","line":"3647","message":"Error fetching hemodynamic data: column \"patient_cpf\" does not exist","name":"error","position":"88","routine":"errorMissingColumn","severity":"ERROR","stack":"error: column \"patient_cpf\" does not exist\n    at /home/kleber/Development/Faculdade/HappyHeartProject/packages/heart-user-server/node_modules/pg/lib/client.js:535:17\n    at processTicksAndRejections (node:internal/process/task_queues:105:5)"}
{"code":"42703","file":"parse_relation.c","hint":"Perhaps you meant to reference the column \"tbl_hemodynamic.patientcpf\".","length":184,"level":"error","line":"3647","message":"Error fetching hemodynamic data: column \"patient_cpf\" does not exist","name":"error","position":"88","routine":"errorMissingColumn","severity":"ERROR","stack":"error: column \"patient_cpf\" does not exist\n    at /home/kleber/Development/Faculdade/HappyHeartProject/packages/heart-user-server/node_modules/pg/lib/client.js:535:17\n    at processTicksAndRejections (node:internal/process/task_queues:105:5)"}
{"code":"42703","file":"parse_relation.c","hint":"Perhaps you meant to reference the column \"tbl_hemodynamic.patientcpf\".","length":184,"level":"error","line":"3647","message":"Error fetching hemodynamic data: column \"patient_cpf\" does not exist","name":"error","position":"88","routine":"errorMissingColumn","severity":"ERROR","stack":"error: column \"patient_cpf\" does not exist\n    at /home/kleber/Development/Faculdade/HappyHeartProject/packages/heart-user-server/node_modules/pg/lib/client.js:535:17\n    at processTicksAndRejections (node:internal/process/task_queues:105:5)"}
{"level":"info","message":"Listening on port 3000 in development mode"}
{"code":"42703","file":"parse_relation.c","hint":"Perhaps you meant to reference the column \"tbl_hemodynamic.patientcpf\".","length":184,"level":"error","line":"3647","message":"Error fetching hemodynamic data: column \"patient_cpf\" does not exist","name":"error","position":"88","routine":"errorMissingColumn","severity":"ERROR","stack":"error: column \"patient_cpf\" does not exist\n    at /home/kleber/Development/Faculdade/HappyHeartProject/packages/heart-user-server/node_modules/pg/lib/client.js:535:17\n    at processTicksAndRejections (node:internal/process/task_queues:105:5)"}
{"level":"info","message":"Listening on port 3000 in development mode"}
{"code":"42703","file":"parse_relation.c","hint":"Perhaps you meant to reference the column \"tbl_hemodynamic.patientcpf\".","length":184,"level":"error","line":"3647","message":"Error fetching hemodynamic data: column \"patient_cpf\" does not exist","name":"error","position":"88","routine":"errorMissingColumn","severity":"ERROR","stack":"error: column \"patient_cpf\" does not exist\n    at /home/kleber/Development/Faculdade/HappyHeartProject/packages/heart-user-server/node_modules/pg/lib/client.js:535:17\n    at processTicksAndRejections (node:internal/process/task_queues:105:5)"}
{"level":"info","message":"Listening on port 3000 in development mode"}
{"level":"info","message":"Listening on port 3000 in development mode"}
{"code":"42703","file":"parse_target.c","length":143,"level":"error","line":"1075","message":"Error in registerHemodynamic: column \"evaluatorowner\" of relation \"tbl_hemodynamic\" does not exist","name":"error","position":"115","routine":"checkInsertTargets","severity":"ERROR","stack":"error: column \"evaluatorowner\" of relation \"tbl_hemodynamic\" does not exist\n    at /home/kleber/Development/Faculdade/HappyHeartProject/packages/heart-user-server/node_modules/pg/lib/client.js:535:17\n    at processTicksAndRejections (node:internal/process/task_queues:105:5)"}
{"level":"info","message":"Listening on port 3000 in development mode"}
{"level":"info","message":"Listening on port 3000 in development mode"}
{"code":"42P01","file":"parse_relation.c","length":108,"level":"error","line":"1381","message":"Error in registerExercise: relation \"exercises\" does not exist","name":"error","position":"26","routine":"parserOpenTable","severity":"ERROR","stack":"error: relation \"exercises\" does not exist\n    at /home/kleber/Development/Faculdade/HappyHeartProject/packages/heart-user-server/node_modules/pg/lib/client.js:535:17\n    at processTicksAndRejections (node:internal/process/task_queues:105:5)"}
{"code":"22P02","file":"numutils.c","length":141,"level":"error","line":"320","message":"Error in registerExercise: invalid input syntax for type integer: \"NaN\"","name":"error","routine":"pg_strtoint32","severity":"ERROR","stack":"error: invalid input syntax for type integer: \"NaN\"\n    at /home/kleber/Development/Faculdade/HappyHeartProject/packages/heart-user-server/node_modules/pg/lib/client.js:535:17\n    at processTicksAndRejections (node:internal/process/task_queues:105:5)","where":"unnamed portal parameter $2 = '...'"}
{"code":"22P02","file":"numutils.c","length":141,"level":"error","line":"320","message":"Error in registerExercise: invalid input syntax for type integer: \"NaN\"","name":"error","routine":"pg_strtoint32","severity":"ERROR","stack":"error: invalid input syntax for type integer: \"NaN\"\n    at /home/kleber/Development/Faculdade/HappyHeartProject/packages/heart-user-server/node_modules/pg/lib/client.js:535:17\n    at processTicksAndRejections (node:internal/process/task_queues:105:5)","where":"unnamed portal parameter $2 = '...'"}
{"level":"info","message":"Listening on port 3000 in development mode"}
{"level":"info","message":"Listening on port 3000 in development mode"}
{"level":"info","message":"Listening on port 3000 in development mode"}
{"level":"info","message":"Listening on port 3000 in development mode"}
{"level":"info","message":"Listening on port 3000 in development mode"}
{"level":"info","message":"Listening on port 3000 in development mode"}
{"level":"info","message":"Listening on port 3000 in development mode"}
{"code":"23514","constraint":"exercises_effort_degree_check","detail":"Failing row contains (1, 72772737371, Caminhada, 888, 8, 01:54:48, 88.00, 66, 2024-11-13 09:59:09.252).","file":"execMain.c","length":308,"level":"error","line":"1934","message":"Error in registerExercise: new row for relation \"exercises\" violates check constraint \"exercises_effort_degree_check\"","name":"error","routine":"ExecConstraints","schema":"public","severity":"ERROR","stack":"error: new row for relation \"exercises\" violates check constraint \"exercises_effort_degree_check\"\n    at /home/kleber/Development/Faculdade/HappyHeartProject/packages/heart-user-server/node_modules/pg/lib/client.js:535:17\n    at processTicksAndRejections (node:internal/process/task_queues:105:5)","table":"exercises"}
{"code":"23514","constraint":"exercises_effort_degree_check","detail":"Failing row contains (3, 72772737371, Ciclismo, 88, 66, 00:01:06, 88.00, 99, 2024-11-13 10:26:09.533).","file":"execMain.c","length":307,"level":"error","line":"1934","message":"Error in registerExercise: new row for relation \"exercises\" violates check constraint \"exercises_effort_degree_check\"","name":"error","routine":"ExecConstraints","schema":"public","severity":"ERROR","stack":"error: new row for relation \"exercises\" violates check constraint \"exercises_effort_degree_check\"\n    at /home/kleber/Development/Faculdade/HappyHeartProject/packages/heart-user-server/node_modules/pg/lib/client.js:535:17\n    at processTicksAndRejections (node:internal/process/task_queues:105:5)","table":"exercises"}
{"level":"info","message":"Listening on port 3000 in development mode"}
{"level":"info","message":"Listening on port 3000 in development mode"}
{"level":"info","message":"Listening on port 3000 in development mode"}
{"code":"23503","constraint":"fk_patient","detail":"Key (patient_cpf)=(72772737371) is not present in table \"user_app\".","file":"ri_triggers.c","length":251,"level":"error","line":"2528","message":"Error in registerExercise: insert or update on table \"exercises\" violates foreign key constraint \"fk_patient\"","name":"error","routine":"ri_ReportViolation","schema":"public","severity":"ERROR","stack":"error: insert or update on table \"exercises\" violates foreign key constraint \"fk_patient\"\n    at /home/kleber/Development/Faculdade/HappyHeartProject/packages/heart-user-server/node_modules/pg/lib/client.js:535:17\n    at processTicksAndRejections (node:internal/process/task_queues:105:5)","table":"exercises"}
{"level":"info","message":"Listening on port 3000 in development mode"}
{"level":"info","message":"Listening on port 3000 in development mode"}
{"level":"info","message":"Listening on port 3000 in development mode"}
{"level":"info","message":"Listening on port 3000 in development mode"}
{"code":"23503","constraint":"fk_patient","detail":"Key (patient_cpf)=(72772737371) is not present in table \"user_app\".","file":"ri_triggers.c","length":251,"level":"error","line":"2528","message":"Error in registerExercise: insert or update on table \"exercises\" violates foreign key constraint \"fk_patient\"","name":"error","routine":"ri_ReportViolation","schema":"public","severity":"ERROR","stack":"error: insert or update on table \"exercises\" violates foreign key constraint \"fk_patient\"\n    at /home/kleber/Development/Faculdade/HappyHeartProject/packages/heart-user-server/node_modules/pg/lib/client.js:535:17\n    at processTicksAndRejections (node:internal/process/task_queues:105:5)","table":"exercises"}
